\BOOKMARK [1][-]{section.1}{\376\377\000P\000l\000a\000n\000n\000i\000n\000g\000\040\000a\000n\000\040\000O\000b\000s\000e\000r\000v\000a\000t\000i\000o\000n}{}% 1
\BOOKMARK [2][-]{subsection.1.1}{\376\377\000C\000h\000e\000c\000k\000\040\000t\000h\000e\000\040\000w\000e\000a\000t\000h\000e\000r\000\040\000a\000n\000d\000\040\000s\000k\000y\000\040\000c\000o\000n\000d\000i\000t\000i\000o\000n\000s}{section.1}% 2
\BOOKMARK [2][-]{subsection.1.2}{\376\377\000I\000d\000e\000n\000t\000i\000f\000y\000\040\000y\000o\000u\000r\000\040\000t\000a\000r\000g\000e\000t}{section.1}% 3
\BOOKMARK [2][-]{subsection.1.3}{\376\377\000P\000l\000a\000n\000\040\000y\000o\000u\000r\000\040\000o\000b\000s\000e\000r\000v\000i\000n\000g\000\040\000s\000t\000r\000a\000t\000e\000g\000y}{section.1}% 4
\BOOKMARK [1][-]{section.2}{\376\377\000S\000t\000a\000r\000t\000i\000n\000g\000\040\000U\000p}{}% 5
\BOOKMARK [2][-]{subsection.2.1}{\376\377\000E\000n\000t\000r\000y\000\040\000a\000n\000d\000\040\000p\000o\000w\000e\000r\000\040\000u\000p}{section.2}% 6
\BOOKMARK [2][-]{subsection.2.2}{\376\377\000O\000p\000e\000n\000\040\000s\000h\000u\000t\000t\000e\000r\000\040\000w\000i\000n\000d\000o\000w}{section.2}% 7
\BOOKMARK [2][-]{subsection.2.3}{\376\377\000O\000p\000e\000n\000\040\000s\000h\000u\000t\000t\000e\000r\000\040\000d\000o\000o\000r}{section.2}% 8
\BOOKMARK [2][-]{subsection.2.4}{\376\377\000P\000r\000e\000p\000a\000r\000e\000\040\000t\000e\000l\000e\000s\000c\000o\000p\000e}{section.2}% 9
\BOOKMARK [2][-]{subsection.2.5}{\376\377\000C\000o\000n\000n\000e\000c\000t\000\040\000t\000o\000\040\000E\000F\000A\000\040\000k\000i\000t}{section.2}% 10
\BOOKMARK [2][-]{subsection.2.6}{\376\377\000C\000o\000n\000n\000e\000c\000t\000\040\000t\000o\000\040\000c\000a\000m\000e\000r\000a}{section.2}% 11
\BOOKMARK [2][-]{subsection.2.7}{\376\377\000C\000o\000n\000n\000e\000c\000t\000\040\000t\000o\000\040\000f\000i\000l\000t\000e\000r\000\040\000w\000h\000e\000e\000l}{section.2}% 12
\BOOKMARK [2][-]{subsection.2.8}{\376\377\000C\000o\000n\000n\000e\000c\000t\000\040\000t\000o\000\040\000m\000o\000u\000n\000t}{section.2}% 13
\BOOKMARK [1][-]{section.3}{\376\377\000O\000b\000s\000e\000r\000v\000i\000n\000g}{}% 14
\BOOKMARK [2][-]{subsection.3.1}{\376\377\000S\000l\000e\000w\000\040\000t\000e\000l\000e\000s\000c\000o\000p\000e}{section.3}% 15
\BOOKMARK [2][-]{subsection.3.2}{\376\377\000S\000e\000t\000\040\000u\000p\000\040\000A\000S\000C\000O\000M}{section.3}% 16
\BOOKMARK [2][-]{subsection.3.3}{\376\377\000T\000a\000k\000e\000\040\000t\000e\000s\000t\000\040\000e\000x\000p\000o\000s\000u\000r\000e}{section.3}% 17
\BOOKMARK [2][-]{subsection.3.4}{\376\377\000S\000e\000t\000\040\000u\000p\000\040\000d\000i\000r\000e\000c\000t\000o\000r\000y\000\040\000s\000t\000r\000u\000c\000t\000u\000r\000e}{section.3}% 18
\BOOKMARK [2][-]{subsection.3.5}{\376\377\000S\000e\000t\000\040\000u\000p\000\040\000a\000u\000t\000o\000s\000a\000v\000e\000\040\000r\000o\000u\000t\000i\000n\000e}{section.3}% 19
\BOOKMARK [2][-]{subsection.3.6}{\376\377\000S\000e\000t\000\040\000u\000p\000\040\000d\000a\000t\000a\000\040\000l\000o\000g}{section.3}% 20
\BOOKMARK [2][-]{subsection.3.7}{\376\377\000M\000o\000n\000i\000t\000o\000r\000\040\000o\000b\000s\000e\000r\000v\000i\000n\000g\000\040\000c\000o\000n\000d\000i\000t\000i\000o\000n\000s}{section.3}% 21
\BOOKMARK [2][-]{subsection.3.8}{\376\377\000T\000a\000k\000e\000\040\000c\000a\000l\000i\000b\000r\000a\000t\000i\000o\000n\000\040\000f\000r\000a\000m\000e\000s}{section.3}% 22
\BOOKMARK [3][-]{subsubsection.3.8.1}{\376\377\000F\000l\000a\000t\000\040\000f\000r\000a\000m\000e\000s}{subsection.3.8}% 23
\BOOKMARK [3][-]{subsubsection.3.8.2}{\376\377\000D\000a\000r\000k\000\040\000f\000r\000a\000m\000e\000s}{subsection.3.8}% 24
\BOOKMARK [3][-]{subsubsection.3.8.3}{\376\377\000B\000i\000a\000s\000\040\000f\000r\000a\000m\000e\000s}{subsection.3.8}% 25
\BOOKMARK [1][-]{section.4}{\376\377\000S\000h\000u\000t\000t\000i\000n\000g\000\040\000D\000o\000w\000n}{}% 26
\BOOKMARK [2][-]{subsection.4.1}{\376\377\000D\000i\000s\000c\000o\000n\000n\000e\000c\000t\000\040\000f\000r\000o\000m\000\040\000m\000o\000u\000n\000t}{section.4}% 27
\BOOKMARK [2][-]{subsection.4.2}{\376\377\000D\000i\000s\000c\000o\000n\000n\000e\000c\000t\000\040\000f\000r\000o\000m\000\040\000f\000i\000l\000t\000e\000r\000\040\000w\000h\000e\000e\000l}{section.4}% 28
\BOOKMARK [2][-]{subsection.4.3}{\376\377\000D\000i\000s\000c\000o\000n\000n\000e\000c\000t\000\040\000f\000r\000o\000m\000\040\000c\000a\000m\000e\000r\000a}{section.4}% 29
\BOOKMARK [2][-]{subsection.4.4}{\376\377\000C\000o\000v\000e\000r\000\040\000t\000e\000l\000e\000s\000c\000o\000p\000e}{section.4}% 30
\BOOKMARK [2][-]{subsection.4.5}{\376\377\000C\000l\000o\000s\000e\000\040\000s\000h\000u\000t\000t\000e\000r\000\040\000d\000o\000o\000r}{section.4}% 31
\BOOKMARK [2][-]{subsection.4.6}{\376\377\000C\000l\000o\000s\000e\000\040\000s\000h\000u\000t\000t\000e\000r\000\040\000w\000i\000n\000d\000o\000w}{section.4}% 32
\BOOKMARK [2][-]{subsection.4.7}{\376\377\000P\000o\000w\000e\000r\000\040\000D\000o\000w\000n\000\040\000a\000n\000d\000\040\000E\000x\000i\000t}{section.4}% 33
